# JRE version: Java(TM) SE Runtime Environment (8.0_05-b13) (build 1.8.0_05-b13)
# Java VM: Java HotSpot(TM) 64-Bit Server VM (25.5-b02 mixed mode bsd-amd64 compressed oops)
Heap:
 PSYoungGen      total 10752K, used 9399K [0x000000076ab00000, 0x000000076b680000, 0x00000007c0000000)
  eden space 10240K, 90% used [0x000000076ab00000,0x000000076b405fc0,0x000000076b500000)
  from space 512K, 31% used [0x000000076b600000,0x000000076b628000,0x000000076b680000)
  to   space 512K, 0% used [0x000000076b580000,0x000000076b580000,0x000000076b600000)
 ParOldGen       total 260608K, used 8861K [0x00000006c0000000, 0x00000006cfe80000, 0x000000076ab00000)
  object space 260608K, 3% used [0x00000006c0000000,0x00000006c08a7730,0x00000006cfe80000)
 Metaspace       used 14494K, capacity 14702K, committed 14848K, reserved 1062912K
  class space    used 1888K, capacity 1943K, committed 2048K, reserved 1048576K
GC Heap History (10 events):
Event: 186.150 GC heap before
{Heap before GC invocations=416 (full 0):
 PSYoungGen      total 10752K, used 10368K [0x000000076ab00000, 0x000000076b680000, 0x00000007c0000000)
  eden space 10240K, 100% used [0x000000076ab00000,0x000000076b500000,0x000000076b500000)
  from space 512K, 25% used [0x000000076b580000,0x000000076b5a0000,0x000000076b600000)
  to   space 512K, 0% used [0x000000076b600000,0x000000076b600000,0x000000076b680000)
 ParOldGen       total 260608K, used 8805K [0x00000006c0000000, 0x00000006cfe80000, 0x000000076ab00000)
  object space 260608K, 3% used [0x00000006c0000000,0x00000006c0899730,0x00000006cfe80000)
 Metaspace       used 14484K, capacity 14638K, committed 14848K, reserved 1062912K
  class space    used 1887K, capacity 1943K, committed 2048K, reserved 1048576K
Event: 186.151 GC heap after
Heap after GC invocations=416 (full 0):
 PSYoungGen      total 10752K, used 128K [0x000000076ab00000, 0x000000076b680000, 0x00000007c0000000)
  eden space 10240K, 0% used [0x000000076ab00000,0x000000076ab00000,0x000000076b500000)
  from space 512K, 25% used [0x000000076b600000,0x000000076b620000,0x000000076b680000)
  to   space 512K, 0% used [0x000000076b580000,0x000000076b580000,0x000000076b600000)
 ParOldGen       total 260608K, used 8813K [0x00000006c0000000, 0x00000006cfe80000, 0x000000076ab00000)
  object space 260608K, 3% used [0x00000006c0000000,0x00000006c089b730,0x00000006cfe80000)
 Metaspace       used 14484K, capacity 14638K, committed 14848K, reserved 1062912K
  class space    used 1887K, capacity 1943K, committed 2048K, reserved 1048576K
}
Event: 186.325 GC heap before
{Heap before GC invocations=417 (full 0):
 PSYoungGen      total 10752K, used 10368K [0x000000076ab00000, 0x000000076b680000, 0x00000007c0000000)
  eden space 10240K, 100% used [0x000000076ab00000,0x000000076b500000,0x000000076b500000)
  from space 512K, 25% used [0x000000076b600000,0x000000076b620000,0x000000076b680000)
  to   space 512K, 0% used [0x000000076b580000,0x000000076b580000,0x000000076b600000)
 ParOldGen       total 260608K, used 8813K [0x00000006c0000000, 0x00000006cfe80000, 0x000000076ab00000)
  object space 260608K, 3% used [0x00000006c0000000,0x00000006c089b730,0x00000006cfe80000)
 Metaspace       used 14484K, capacity 14638K, committed 14848K, reserved 1062912K
  class space    used 1887K, capacity 1943K, committed 2048K, reserved 1048576K
Event: 186.326 GC heap after
Heap after GC invocations=417 (full 0):
 PSYoungGen      total 10752K, used 160K [0x000000076ab00000, 0x000000076b680000, 0x00000007c0000000)
  eden space 10240K, 0% used [0x000000076ab00000,0x000000076ab00000,0x000000076b500000)
  from space 512K, 31% used [0x000000076b580000,0x000000076b5a8000,0x000000076b600000)
  to   space 512K, 0% used [0x000000076b600000,0x000000076b600000,0x000000076b680000)
 ParOldGen       total 260608K, used 8829K [0x00000006c0000000, 0x00000006cfe80000, 0x000000076ab00000)
  object space 260608K, 3% used [0x00000006c0000000,0x00000006c089f730,0x00000006cfe80000)
 Metaspace       used 14484K, capacity 14638K, committed 14848K, reserved 1062912K
  class space    used 1887K, capacity 1943K, committed 2048K, reserved 1048576K
}
Event: 186.502 GC heap before
{Heap before GC invocations=418 (full 0):
 PSYoungGen      total 10752K, used 10400K [0x000000076ab00000, 0x000000076b680000, 0x00000007c0000000)
  eden space 10240K, 100% used [0x000000076ab00000,0x000000076b500000,0x000000076b500000)
  from space 512K, 31% used [0x000000076b580000,0x000000076b5a8000,0x000000076b600000)
  to   space 512K, 0% used [0x000000076b600000,0x000000076b600000,0x000000076b680000)
 ParOldGen       total 260608K, used 8829K [0x00000006c0000000, 0x00000006cfe80000, 0x000000076ab00000)
  object space 260608K, 3% used [0x00000006c0000000,0x00000006c089f730,0x00000006cfe80000)
 Metaspace       used 14487K, capacity 14638K, committed 14848K, reserved 1062912K
  class space    used 1887K, capacity 1943K, committed 2048K, reserved 1048576K
Event: 186.502 GC heap after
Heap after GC invocations=418 (full 0):
 PSYoungGen      total 10752K, used 96K [0x000000076ab00000, 0x000000076b680000, 0x00000007c0000000)
  eden space 10240K, 0% used [0x000000076ab00000,0x000000076ab00000,0x000000076b500000)
  from space 512K, 18% used [0x000000076b600000,0x000000076b618000,0x000000076b680000)
  to   space 512K, 0% used [0x000000076b580000,0x000000076b580000,0x000000076b600000)
 ParOldGen       total 260608K, used 8837K [0x00000006c0000000, 0x00000006cfe80000, 0x000000076ab00000)
  object space 260608K, 3% used [0x00000006c0000000,0x00000006c08a1730,0x00000006cfe80000)
 Metaspace       used 14487K, capacity 14638K, committed 14848K, reserved 1062912K
  class space    used 1887K, capacity 1943K, committed 2048K, reserved 1048576K
}
Event: 186.675 GC heap before
{Heap before GC invocations=419 (full 0):
 PSYoungGen      total 10752K, used 10336K [0x000000076ab00000, 0x000000076b680000, 0x00000007c0000000)
  eden space 10240K, 100% used [0x000000076ab00000,0x000000076b500000,0x000000076b500000)
  from space 512K, 18% used [0x000000076b600000,0x000000076b618000,0x000000076b680000)
  to   space 512K, 0% used [0x000000076b580000,0x000000076b580000,0x000000076b600000)
 ParOldGen       total 260608K, used 8837K [0x00000006c0000000, 0x00000006cfe80000, 0x000000076ab00000)
  object space 260608K, 3% used [0x00000006c0000000,0x00000006c08a1730,0x00000006cfe80000)
 Metaspace       used 14487K, capacity 14638K, committed 14848K, reserved 1062912K
  class space    used 1887K, capacity 1943K, committed 2048K, reserved 1048576K
Event: 186.676 GC heap after
Heap after GC invocations=419 (full 0):
 PSYoungGen      total 10752K, used 128K [0x000000076ab00000, 0x000000076b680000, 0x00000007c0000000)
  eden space 10240K, 0% used [0x000000076ab00000,0x000000076ab00000,0x000000076b500000)
  from space 512K, 25% used [0x000000076b580000,0x000000076b5a0000,0x000000076b600000)
  to   space 512K, 0% used [0x000000076b600000,0x000000076b600000,0x000000076b680000)
 ParOldGen       total 260608K, used 8845K [0x00000006c0000000, 0x00000006cfe80000, 0x000000076ab00000)
  object space 260608K, 3% used [0x00000006c0000000,0x00000006c08a3730,0x00000006cfe80000)
 Metaspace       used 14487K, capacity 14638K, committed 14848K, reserved 1062912K
  class space    used 1887K, capacity 1943K, committed 2048K, reserved 1048576K
}
Event: 186.848 GC heap before
{Heap before GC invocations=420 (full 0):
 PSYoungGen      total 10752K, used 10368K [0x000000076ab00000, 0x000000076b680000, 0x00000007c0000000)
  eden space 10240K, 100% used [0x000000076ab00000,0x000000076b500000,0x000000076b500000)
  from space 512K, 25% used [0x000000076b580000,0x000000076b5a0000,0x000000076b600000)
  to   space 512K, 0% used [0x000000076b600000,0x000000076b600000,0x000000076b680000)
 ParOldGen       total 260608K, used 8845K [0x00000006c0000000, 0x00000006cfe80000, 0x000000076ab00000)
  object space 260608K, 3% used [0x00000006c0000000,0x00000006c08a3730,0x00000006cfe80000)
 Metaspace       used 14488K, capacity 14638K, committed 14848K, reserved 1062912K
  class space    used 1887K, capacity 1943K, committed 2048K, reserved 1048576K
Event: 186.849 GC heap after
Heap after GC invocations=420 (full 0):
 PSYoungGen      total 10752K, used 160K [0x000000076ab00000, 0x000000076b680000, 0x00000007c0000000)
  eden space 10240K, 0% used [0x000000076ab00000,0x000000076ab00000,0x000000076b500000)
  from space 512K, 31% used [0x000000076b600000,0x000000076b628000,0x000000076b680000)
  to   space 512K, 0% used [0x000000076b580000,0x000000076b580000,0x000000076b600000)
 ParOldGen       total 260608K, used 8861K [0x00000006c0000000, 0x00000006cfe80000, 0x000000076ab00000)
  object space 260608K, 3% used [0x00000006c0000000,0x00000006c08a7730,0x00000006cfe80000)
 Metaspace       used 14488K, capacity 14638K, committed 14848K, reserved 1062912K
  class space    used 1887K, capacity 1943K, committed 2048K, reserved 1048576K
}

