# JRE version: Java(TM) SE Runtime Environment (8.0_05-b13) (build 1.8.0_05-b13)
# Java VM: Java HotSpot(TM) 64-Bit Server VM (25.5-b02 mixed mode bsd-amd64 compressed oops)
Heap:
 PSYoungGen      total 11264K, used 6259K [0x000000076ab00000, 0x000000076be80000, 0x00000007c0000000)
  eden space 7168K, 57% used [0x000000076ab00000,0x000000076af07970,0x000000076b200000)
  from space 4096K, 52% used [0x000000076b200000,0x000000076b415410,0x000000076b600000)
  to   space 4096K, 0% used [0x000000076ba80000,0x000000076ba80000,0x000000076be80000)
 ParOldGen       total 260608K, used 4760K [0x00000006c0000000, 0x00000006cfe80000, 0x000000076ab00000)
  object space 260608K, 1% used [0x00000006c0000000,0x00000006c04a60a8,0x00000006cfe80000)
 Metaspace       used 14219K, capacity 14344K, committed 14464K, reserved 1062912K
  class space    used 1854K, capacity 1910K, committed 1920K, reserved 1048576K
GC Heap History (10 events):
Event: 0.267 GC heap before
{Heap before GC invocations=5 (full 0):
 PSYoungGen      total 2560K, used 2544K [0x000000076ab00000, 0x000000076ae00000, 0x00000007c0000000)
  eden space 2048K, 100% used [0x000000076ab00000,0x000000076ad00000,0x000000076ad00000)
  from space 512K, 96% used [0x000000076ad80000,0x000000076adfc010,0x000000076ae00000)
  to   space 512K, 0% used [0x000000076ad00000,0x000000076ad00000,0x000000076ad80000)
 ParOldGen       total 260608K, used 1375K [0x00000006c0000000, 0x00000006cfe80000, 0x000000076ab00000)
  object space 260608K, 0% used [0x00000006c0000000,0x00000006c0157e30,0x00000006cfe80000)
 Metaspace       used 5146K, capacity 5284K, committed 5504K, reserved 1056768K
  class space    used 575K, capacity 621K, committed 640K, reserved 1048576K
Event: 0.269 GC heap after
Heap after GC invocations=5 (full 0):
 PSYoungGen      total 2560K, used 512K [0x000000076ab00000, 0x000000076b400000, 0x00000007c0000000)
  eden space 2048K, 0% used [0x000000076ab00000,0x000000076ab00000,0x000000076ad00000)
  from space 512K, 100% used [0x000000076ad00000,0x000000076ad80000,0x000000076ad80000)
  to   space 2560K, 0% used [0x000000076b180000,0x000000076b180000,0x000000076b400000)
 ParOldGen       total 260608K, used 3238K [0x00000006c0000000, 0x00000006cfe80000, 0x000000076ab00000)
  object space 260608K, 1% used [0x00000006c0000000,0x00000006c0329830,0x00000006cfe80000)
 Metaspace       used 5146K, capacity 5284K, committed 5504K, reserved 1056768K
  class space    used 575K, capacity 621K, committed 640K, reserved 1048576K
}
Event: 0.346 GC heap before
{Heap before GC invocations=6 (full 0):
 PSYoungGen      total 2560K, used 2560K [0x000000076ab00000, 0x000000076b400000, 0x00000007c0000000)
  eden space 2048K, 100% used [0x000000076ab00000,0x000000076ad00000,0x000000076ad00000)
  from space 512K, 100% used [0x000000076ad00000,0x000000076ad80000,0x000000076ad80000)
  to   space 2560K, 0% used [0x000000076b180000,0x000000076b180000,0x000000076b400000)
 ParOldGen       total 260608K, used 3238K [0x00000006c0000000, 0x00000006cfe80000, 0x000000076ab00000)
  object space 260608K, 1% used [0x00000006c0000000,0x00000006c0329830,0x00000006cfe80000)
 Metaspace       used 7358K, capacity 7504K, committed 7680K, reserved 1056768K
  class space    used 847K, capacity 913K, committed 1024K, reserved 1048576K
Event: 0.348 GC heap after
Heap after GC invocations=6 (full 0):
 PSYoungGen      total 6144K, used 2507K [0x000000076ab00000, 0x000000076b500000, 0x00000007c0000000)
  eden space 3584K, 0% used [0x000000076ab00000,0x000000076ab00000,0x000000076ae80000)
  from space 2560K, 97% used [0x000000076b180000,0x000000076b3f2f30,0x000000076b400000)
  to   space 3072K, 0% used [0x000000076ae80000,0x000000076ae80000,0x000000076b180000)
 ParOldGen       total 260608K, used 3246K [0x00000006c0000000, 0x00000006cfe80000, 0x000000076ab00000)
  object space 260608K, 1% used [0x00000006c0000000,0x00000006c032b830,0x00000006cfe80000)
 Metaspace       used 7358K, capacity 7504K, committed 7680K, reserved 1056768K
  class space    used 847K, capacity 913K, committed 1024K, reserved 1048576K
}
Event: 0.975 GC heap before
{Heap before GC invocations=7 (full 0):
 PSYoungGen      total 6144K, used 6091K [0x000000076ab00000, 0x000000076b500000, 0x00000007c0000000)
  eden space 3584K, 100% used [0x000000076ab00000,0x000000076ae80000,0x000000076ae80000)
  from space 2560K, 97% used [0x000000076b180000,0x000000076b3f2f30,0x000000076b400000)
  to   space 3072K, 0% used [0x000000076ae80000,0x000000076ae80000,0x000000076b180000)
 ParOldGen       total 260608K, used 3246K [0x00000006c0000000, 0x00000006cfe80000, 0x000000076ab00000)
  object space 260608K, 1% used [0x00000006c0000000,0x00000006c032b830,0x00000006cfe80000)
 Metaspace       used 12849K, capacity 13000K, committed 13056K, reserved 1060864K
  class space    used 1727K, capacity 1782K, committed 1792K, reserved 1048576K
Event: 0.978 GC heap after
Heap after GC invocations=7 (full 0):
 PSYoungGen      total 6656K, used 3028K [0x000000076ab00000, 0x000000076ba00000, 0x00000007c0000000)
  eden space 3584K, 0% used [0x000000076ab00000,0x000000076ab00000,0x000000076ae80000)
  from space 3072K, 98% used [0x000000076ae80000,0x000000076b175220,0x000000076b180000)
  to   space 4096K, 0% used [0x000000076b600000,0x000000076b600000,0x000000076ba00000)
 ParOldGen       total 260608K, used 3478K [0x00000006c0000000, 0x00000006cfe80000, 0x000000076ab00000)
  object space 260608K, 1% used [0x00000006c0000000,0x00000006c0365880,0x00000006cfe80000)
 Metaspace       used 12849K, capacity 13000K, committed 13056K, reserved 1060864K
  class space    used 1727K, capacity 1782K, committed 1792K, reserved 1048576K
}
Event: 12.804 GC heap before
{Heap before GC invocations=8 (full 0):
 PSYoungGen      total 6656K, used 6612K [0x000000076ab00000, 0x000000076ba00000, 0x00000007c0000000)
  eden space 3584K, 100% used [0x000000076ab00000,0x000000076ae80000,0x000000076ae80000)
  from space 3072K, 98% used [0x000000076ae80000,0x000000076b175220,0x000000076b180000)
  to   space 4096K, 0% used [0x000000076b600000,0x000000076b600000,0x000000076ba00000)
 ParOldGen       total 260608K, used 3478K [0x00000006c0000000, 0x00000006cfe80000, 0x000000076ab00000)
  object space 260608K, 1% used [0x00000006c0000000,0x00000006c0365880,0x00000006cfe80000)
 Metaspace       used 13829K, capacity 13928K, committed 14208K, reserved 1060864K
  class space    used 1847K, capacity 1878K, committed 1920K, reserved 1048576K
Event: 12.807 GC heap after
Heap after GC invocations=8 (full 0):
 PSYoungGen      total 11264K, used 3091K [0x000000076ab00000, 0x000000076ba00000, 0x00000007c0000000)
  eden space 7168K, 0% used [0x000000076ab00000,0x000000076ab00000,0x000000076b200000)
  from space 4096K, 75% used [0x000000076b600000,0x000000076b904e50,0x000000076ba00000)
  to   space 4096K, 0% used [0x000000076b200000,0x000000076b200000,0x000000076b600000)
 ParOldGen       total 260608K, used 3734K [0x00000006c0000000, 0x00000006cfe80000, 0x000000076ab00000)
  object space 260608K, 1% used [0x00000006c0000000,0x00000006c03a5880,0x00000006cfe80000)
 Metaspace       used 13829K, capacity 13928K, committed 14208K, reserved 1060864K
  class space    used 1847K, capacity 1878K, committed 1920K, reserved 1048576K
}
Event: 16.242 GC heap before
{Heap before GC invocations=9 (full 0):
 PSYoungGen      total 11264K, used 10152K [0x000000076ab00000, 0x000000076ba00000, 0x00000007c0000000)
  eden space 7168K, 98% used [0x000000076ab00000,0x000000076b1e5228,0x000000076b200000)
  from space 4096K, 75% used [0x000000076b600000,0x000000076b904e50,0x000000076ba00000)
  to   space 4096K, 0% used [0x000000076b200000,0x000000076b200000,0x000000076b600000)
 ParOldGen       total 260608K, used 3734K [0x00000006c0000000, 0x00000006cfe80000, 0x000000076ab00000)
  object space 260608K, 1% used [0x00000006c0000000,0x00000006c03a5880,0x00000006cfe80000)
 Metaspace       used 14094K, capacity 14216K, committed 14464K, reserved 1062912K
  class space    used 1854K, capacity 1910K, committed 1920K, reserved 1048576K
Event: 16.244 GC heap after
Heap after GC invocations=9 (full 0):
 PSYoungGen      total 11264K, used 2133K [0x000000076ab00000, 0x000000076be80000, 0x00000007c0000000)
  eden space 7168K, 0% used [0x000000076ab00000,0x000000076ab00000,0x000000076b200000)
  from space 4096K, 52% used [0x000000076b200000,0x000000076b415410,0x000000076b600000)
  to   space 4096K, 0% used [0x000000076ba80000,0x000000076ba80000,0x000000076be80000)
 ParOldGen       total 260608K, used 4760K [0x00000006c0000000, 0x00000006cfe80000, 0x000000076ab00000)
  object space 260608K, 1% used [0x00000006c0000000,0x00000006c04a60a8,0x00000006cfe80000)
 Metaspace       used 14094K, capacity 14216K, committed 14464K, reserved 1062912K
  class space    used 1854K, capacity 1910K, committed 1920K, reserved 1048576K
}

