# JRE version: Java(TM) SE Runtime Environment (8.0_05-b13) (build 1.8.0_05-b13)
# Java VM: Java HotSpot(TM) 64-Bit Server VM (25.5-b02 mixed mode bsd-amd64 compressed oops)
Heap:
 PSYoungGen      total 10752K, used 8174K [0x000000076ab00000, 0x000000076b680000, 0x00000007c0000000)
  eden space 10240K, 78% used [0x000000076ab00000,0x000000076b2dba88,0x000000076b500000)
  from space 512K, 25% used [0x000000076b600000,0x000000076b620000,0x000000076b680000)
  to   space 512K, 0% used [0x000000076b580000,0x000000076b580000,0x000000076b600000)
 ParOldGen       total 260608K, used 8660K [0x00000006c0000000, 0x00000006cfe80000, 0x000000076ab00000)
  object space 260608K, 3% used [0x00000006c0000000,0x00000006c0875050,0x00000006cfe80000)
 Metaspace       used 14103K, capacity 14270K, committed 14464K, reserved 1062912K
  class space    used 1883K, capacity 1911K, committed 1920K, reserved 1048576K
GC Heap History (10 events):
Event: 42.036 GC heap before
{Heap before GC invocations=216 (full 0):
 PSYoungGen      total 10752K, used 10368K [0x000000076ab00000, 0x000000076b680000, 0x00000007c0000000)
  eden space 10240K, 100% used [0x000000076ab00000,0x000000076b500000,0x000000076b500000)
  from space 512K, 25% used [0x000000076b580000,0x000000076b5a0000,0x000000076b600000)
  to   space 512K, 0% used [0x000000076b600000,0x000000076b600000,0x000000076b680000)
 ParOldGen       total 260608K, used 8572K [0x00000006c0000000, 0x00000006cfe80000, 0x000000076ab00000)
  object space 260608K, 3% used [0x00000006c0000000,0x00000006c085f050,0x00000006cfe80000)
 Metaspace       used 14095K, capacity 14270K, committed 14464K, reserved 1062912K
  class space    used 1883K, capacity 1911K, committed 1920K, reserved 1048576K
Event: 42.036 GC heap after
Heap after GC invocations=216 (full 0):
 PSYoungGen      total 10752K, used 96K [0x000000076ab00000, 0x000000076b680000, 0x00000007c0000000)
  eden space 10240K, 0% used [0x000000076ab00000,0x000000076ab00000,0x000000076b500000)
  from space 512K, 18% used [0x000000076b600000,0x000000076b618000,0x000000076b680000)
  to   space 512K, 0% used [0x000000076b580000,0x000000076b580000,0x000000076b600000)
 ParOldGen       total 260608K, used 8588K [0x00000006c0000000, 0x00000006cfe80000, 0x000000076ab00000)
  object space 260608K, 3% used [0x00000006c0000000,0x00000006c0863050,0x00000006cfe80000)
 Metaspace       used 14095K, capacity 14270K, committed 14464K, reserved 1062912K
  class space    used 1883K, capacity 1911K, committed 1920K, reserved 1048576K
}
Event: 42.211 GC heap before
{Heap before GC invocations=217 (full 0):
 PSYoungGen      total 10752K, used 10336K [0x000000076ab00000, 0x000000076b680000, 0x00000007c0000000)
  eden space 10240K, 100% used [0x000000076ab00000,0x000000076b500000,0x000000076b500000)
  from space 512K, 18% used [0x000000076b600000,0x000000076b618000,0x000000076b680000)
  to   space 512K, 0% used [0x000000076b580000,0x000000076b580000,0x000000076b600000)
 ParOldGen       total 260608K, used 8588K [0x00000006c0000000, 0x00000006cfe80000, 0x000000076ab00000)
  object space 260608K, 3% used [0x00000006c0000000,0x00000006c0863050,0x00000006cfe80000)
 Metaspace       used 14098K, capacity 14270K, committed 14464K, reserved 1062912K
  class space    used 1883K, capacity 1911K, committed 1920K, reserved 1048576K
Event: 42.212 GC heap after
Heap after GC invocations=217 (full 0):
 PSYoungGen      total 10752K, used 128K [0x000000076ab00000, 0x000000076b680000, 0x00000007c0000000)
  eden space 10240K, 0% used [0x000000076ab00000,0x000000076ab00000,0x000000076b500000)
  from space 512K, 25% used [0x000000076b580000,0x000000076b5a0000,0x000000076b600000)
  to   space 512K, 0% used [0x000000076b600000,0x000000076b600000,0x000000076b680000)
 ParOldGen       total 260608K, used 8596K [0x00000006c0000000, 0x00000006cfe80000, 0x000000076ab00000)
  object space 260608K, 3% used [0x00000006c0000000,0x00000006c0865050,0x00000006cfe80000)
 Metaspace       used 14098K, capacity 14270K, committed 14464K, reserved 1062912K
  class space    used 1883K, capacity 1911K, committed 1920K, reserved 1048576K
}
Event: 42.383 GC heap before
{Heap before GC invocations=218 (full 0):
 PSYoungGen      total 10752K, used 10368K [0x000000076ab00000, 0x000000076b680000, 0x00000007c0000000)
  eden space 10240K, 100% used [0x000000076ab00000,0x000000076b500000,0x000000076b500000)
  from space 512K, 25% used [0x000000076b580000,0x000000076b5a0000,0x000000076b600000)
  to   space 512K, 0% used [0x000000076b600000,0x000000076b600000,0x000000076b680000)
 ParOldGen       total 260608K, used 8596K [0x00000006c0000000, 0x00000006cfe80000, 0x000000076ab00000)
  object space 260608K, 3% used [0x00000006c0000000,0x00000006c0865050,0x00000006cfe80000)
 Metaspace       used 14098K, capacity 14270K, committed 14464K, reserved 1062912K
  class space    used 1883K, capacity 1911K, committed 1920K, reserved 1048576K
Event: 42.384 GC heap after
Heap after GC invocations=218 (full 0):
 PSYoungGen      total 10752K, used 96K [0x000000076ab00000, 0x000000076b680000, 0x00000007c0000000)
  eden space 10240K, 0% used [0x000000076ab00000,0x000000076ab00000,0x000000076b500000)
  from space 512K, 18% used [0x000000076b600000,0x000000076b618000,0x000000076b680000)
  to   space 512K, 0% used [0x000000076b580000,0x000000076b580000,0x000000076b600000)
 ParOldGen       total 260608K, used 8612K [0x00000006c0000000, 0x00000006cfe80000, 0x000000076ab00000)
  object space 260608K, 3% used [0x00000006c0000000,0x00000006c0869050,0x00000006cfe80000)
 Metaspace       used 14098K, capacity 14270K, committed 14464K, reserved 1062912K
  class space    used 1883K, capacity 1911K, committed 1920K, reserved 1048576K
}
Event: 42.559 GC heap before
{Heap before GC invocations=219 (full 0):
 PSYoungGen      total 10752K, used 10336K [0x000000076ab00000, 0x000000076b680000, 0x00000007c0000000)
  eden space 10240K, 100% used [0x000000076ab00000,0x000000076b500000,0x000000076b500000)
  from space 512K, 18% used [0x000000076b600000,0x000000076b618000,0x000000076b680000)
  to   space 512K, 0% used [0x000000076b580000,0x000000076b580000,0x000000076b600000)
 ParOldGen       total 260608K, used 8612K [0x00000006c0000000, 0x00000006cfe80000, 0x000000076ab00000)
  object space 260608K, 3% used [0x00000006c0000000,0x00000006c0869050,0x00000006cfe80000)
 Metaspace       used 14098K, capacity 14270K, committed 14464K, reserved 1062912K
  class space    used 1883K, capacity 1911K, committed 1920K, reserved 1048576K
Event: 42.560 GC heap after
Heap after GC invocations=219 (full 0):
 PSYoungGen      total 10752K, used 128K [0x000000076ab00000, 0x000000076b680000, 0x00000007c0000000)
  eden space 10240K, 0% used [0x000000076ab00000,0x000000076ab00000,0x000000076b500000)
  from space 512K, 25% used [0x000000076b580000,0x000000076b5a0000,0x000000076b600000)
  to   space 512K, 0% used [0x000000076b600000,0x000000076b600000,0x000000076b680000)
 ParOldGen       total 260608K, used 8620K [0x00000006c0000000, 0x00000006cfe80000, 0x000000076ab00000)
  object space 260608K, 3% used [0x00000006c0000000,0x00000006c086b050,0x00000006cfe80000)
 Metaspace       used 14098K, capacity 14270K, committed 14464K, reserved 1062912K
  class space    used 1883K, capacity 1911K, committed 1920K, reserved 1048576K
}
Event: 42.733 GC heap before
{Heap before GC invocations=220 (full 0):
 PSYoungGen      total 10752K, used 10368K [0x000000076ab00000, 0x000000076b680000, 0x00000007c0000000)
  eden space 10240K, 100% used [0x000000076ab00000,0x000000076b500000,0x000000076b500000)
  from space 512K, 25% used [0x000000076b580000,0x000000076b5a0000,0x000000076b600000)
  to   space 512K, 0% used [0x000000076b600000,0x000000076b600000,0x000000076b680000)
 ParOldGen       total 260608K, used 8620K [0x00000006c0000000, 0x00000006cfe80000, 0x000000076ab00000)
  object space 260608K, 3% used [0x00000006c0000000,0x00000006c086b050,0x00000006cfe80000)
 Metaspace       used 14098K, capacity 14270K, committed 14464K, reserved 1062912K
  class space    used 1883K, capacity 1911K, committed 1920K, reserved 1048576K
Event: 42.734 GC heap after
Heap after GC invocations=220 (full 0):
 PSYoungGen      total 10752K, used 128K [0x000000076ab00000, 0x000000076b680000, 0x00000007c0000000)
  eden space 10240K, 0% used [0x000000076ab00000,0x000000076ab00000,0x000000076b500000)
  from space 512K, 25% used [0x000000076b600000,0x000000076b620000,0x000000076b680000)
  to   space 512K, 0% used [0x000000076b580000,0x000000076b580000,0x000000076b600000)
 ParOldGen       total 260608K, used 8660K [0x00000006c0000000, 0x00000006cfe80000, 0x000000076ab00000)
  object space 260608K, 3% used [0x00000006c0000000,0x00000006c0875050,0x00000006cfe80000)
 Metaspace       used 14098K, capacity 14270K, committed 14464K, reserved 1062912K
  class space    used 1883K, capacity 1911K, committed 1920K, reserved 1048576K
}

