# JRE version: Java(TM) SE Runtime Environment (8.0_05-b13) (build 1.8.0_05-b13)
# Java VM: Java HotSpot(TM) 64-Bit Server VM (25.5-b02 mixed mode bsd-amd64 compressed oops)
Heap:
 PSYoungGen      total 10752K, used 7993K [0x000000076ab00000, 0x000000076b680000, 0x00000007c0000000)
  eden space 10240K, 76% used [0x000000076ab00000,0x000000076b2a6638,0x000000076b500000)
  from space 512K, 31% used [0x000000076b600000,0x000000076b628000,0x000000076b680000)
  to   space 512K, 0% used [0x000000076b580000,0x000000076b580000,0x000000076b600000)
 ParOldGen       total 260608K, used 7571K [0x00000006c0000000, 0x00000006cfe80000, 0x000000076ab00000)
  object space 260608K, 2% used [0x00000006c0000000,0x00000006c0764d48,0x00000006cfe80000)
 Metaspace       used 14111K, capacity 14270K, committed 14464K, reserved 1062912K
  class space    used 1883K, capacity 1911K, committed 1920K, reserved 1048576K
GC Heap History (10 events):
Event: 26.222 GC heap before
{Heap before GC invocations=108 (full 0):
 PSYoungGen      total 10752K, used 10400K [0x000000076ab00000, 0x000000076b680000, 0x00000007c0000000)
  eden space 10240K, 100% used [0x000000076ab00000,0x000000076b500000,0x000000076b500000)
  from space 512K, 31% used [0x000000076b580000,0x000000076b5a8000,0x000000076b600000)
  to   space 512K, 0% used [0x000000076b600000,0x000000076b600000,0x000000076b680000)
 ParOldGen       total 260608K, used 7471K [0x00000006c0000000, 0x00000006cfe80000, 0x000000076ab00000)
  object space 260608K, 2% used [0x00000006c0000000,0x00000006c074bed8,0x00000006cfe80000)
 Metaspace       used 14097K, capacity 14270K, committed 14464K, reserved 1062912K
  class space    used 1882K, capacity 1911K, committed 1920K, reserved 1048576K
Event: 26.223 GC heap after
Heap after GC invocations=108 (full 0):
 PSYoungGen      total 10752K, used 32K [0x000000076ab00000, 0x000000076b680000, 0x00000007c0000000)
  eden space 10240K, 0% used [0x000000076ab00000,0x000000076ab00000,0x000000076b500000)
  from space 512K, 6% used [0x000000076b600000,0x000000076b608000,0x000000076b680000)
  to   space 512K, 0% used [0x000000076b580000,0x000000076b580000,0x000000076b600000)
 ParOldGen       total 260608K, used 7539K [0x00000006c0000000, 0x00000006cfe80000, 0x000000076ab00000)
  object space 260608K, 2% used [0x00000006c0000000,0x00000006c075cd48,0x00000006cfe80000)
 Metaspace       used 14097K, capacity 14270K, committed 14464K, reserved 1062912K
  class space    used 1882K, capacity 1911K, committed 1920K, reserved 1048576K
}
Event: 26.402 GC heap before
{Heap before GC invocations=109 (full 0):
 PSYoungGen      total 10752K, used 10272K [0x000000076ab00000, 0x000000076b680000, 0x00000007c0000000)
  eden space 10240K, 100% used [0x000000076ab00000,0x000000076b500000,0x000000076b500000)
  from space 512K, 6% used [0x000000076b600000,0x000000076b608000,0x000000076b680000)
  to   space 512K, 0% used [0x000000076b580000,0x000000076b580000,0x000000076b600000)
 ParOldGen       total 260608K, used 7539K [0x00000006c0000000, 0x00000006cfe80000, 0x000000076ab00000)
  object space 260608K, 2% used [0x00000006c0000000,0x00000006c075cd48,0x00000006cfe80000)
 Metaspace       used 14097K, capacity 14270K, committed 14464K, reserved 1062912K
  class space    used 1882K, capacity 1911K, committed 1920K, reserved 1048576K
Event: 26.403 GC heap after
Heap after GC invocations=109 (full 0):
 PSYoungGen      total 10752K, used 32K [0x000000076ab00000, 0x000000076b680000, 0x00000007c0000000)
  eden space 10240K, 0% used [0x000000076ab00000,0x000000076ab00000,0x000000076b500000)
  from space 512K, 6% used [0x000000076b580000,0x000000076b588000,0x000000076b600000)
  to   space 512K, 0% used [0x000000076b600000,0x000000076b600000,0x000000076b680000)
 ParOldGen       total 260608K, used 7539K [0x00000006c0000000, 0x00000006cfe80000, 0x000000076ab00000)
  object space 260608K, 2% used [0x00000006c0000000,0x00000006c075cd48,0x00000006cfe80000)
 Metaspace       used 14097K, capacity 14270K, committed 14464K, reserved 1062912K
  class space    used 1882K, capacity 1911K, committed 1920K, reserved 1048576K
}
Event: 26.588 GC heap before
{Heap before GC invocations=110 (full 0):
 PSYoungGen      total 10752K, used 10272K [0x000000076ab00000, 0x000000076b680000, 0x00000007c0000000)
  eden space 10240K, 100% used [0x000000076ab00000,0x000000076b500000,0x000000076b500000)
  from space 512K, 6% used [0x000000076b580000,0x000000076b588000,0x000000076b600000)
  to   space 512K, 0% used [0x000000076b600000,0x000000076b600000,0x000000076b680000)
 ParOldGen       total 260608K, used 7539K [0x00000006c0000000, 0x00000006cfe80000, 0x000000076ab00000)
  object space 260608K, 2% used [0x00000006c0000000,0x00000006c075cd48,0x00000006cfe80000)
 Metaspace       used 14101K, capacity 14270K, committed 14464K, reserved 1062912K
  class space    used 1882K, capacity 1911K, committed 1920K, reserved 1048576K
Event: 26.588 GC heap after
Heap after GC invocations=110 (full 0):
 PSYoungGen      total 10752K, used 128K [0x000000076ab00000, 0x000000076b680000, 0x00000007c0000000)
  eden space 10240K, 0% used [0x000000076ab00000,0x000000076ab00000,0x000000076b500000)
  from space 512K, 25% used [0x000000076b600000,0x000000076b620000,0x000000076b680000)
  to   space 512K, 0% used [0x000000076b580000,0x000000076b580000,0x000000076b600000)
 ParOldGen       total 260608K, used 7539K [0x00000006c0000000, 0x00000006cfe80000, 0x000000076ab00000)
  object space 260608K, 2% used [0x00000006c0000000,0x00000006c075cd48,0x00000006cfe80000)
 Metaspace       used 14101K, capacity 14270K, committed 14464K, reserved 1062912K
  class space    used 1882K, capacity 1911K, committed 1920K, reserved 1048576K
}
Event: 26.774 GC heap before
{Heap before GC invocations=111 (full 0):
 PSYoungGen      total 10752K, used 10368K [0x000000076ab00000, 0x000000076b680000, 0x00000007c0000000)
  eden space 10240K, 100% used [0x000000076ab00000,0x000000076b500000,0x000000076b500000)
  from space 512K, 25% used [0x000000076b600000,0x000000076b620000,0x000000076b680000)
  to   space 512K, 0% used [0x000000076b580000,0x000000076b580000,0x000000076b600000)
 ParOldGen       total 260608K, used 7539K [0x00000006c0000000, 0x00000006cfe80000, 0x000000076ab00000)
  object space 260608K, 2% used [0x00000006c0000000,0x00000006c075cd48,0x00000006cfe80000)
 Metaspace       used 14104K, capacity 14270K, committed 14464K, reserved 1062912K
  class space    used 1882K, capacity 1911K, committed 1920K, reserved 1048576K
Event: 26.774 GC heap after
Heap after GC invocations=111 (full 0):
 PSYoungGen      total 10752K, used 128K [0x000000076ab00000, 0x000000076b680000, 0x00000007c0000000)
  eden space 10240K, 0% used [0x000000076ab00000,0x000000076ab00000,0x000000076b500000)
  from space 512K, 25% used [0x000000076b580000,0x000000076b5a0000,0x000000076b600000)
  to   space 512K, 0% used [0x000000076b600000,0x000000076b600000,0x000000076b680000)
 ParOldGen       total 260608K, used 7555K [0x00000006c0000000, 0x00000006cfe80000, 0x000000076ab00000)
  object space 260608K, 2% used [0x00000006c0000000,0x00000006c0760d48,0x00000006cfe80000)
 Metaspace       used 14104K, capacity 14270K, committed 14464K, reserved 1062912K
  class space    used 1882K, capacity 1911K, committed 1920K, reserved 1048576K
}
Event: 26.956 GC heap before
{Heap before GC invocations=112 (full 0):
 PSYoungGen      total 10752K, used 10368K [0x000000076ab00000, 0x000000076b680000, 0x00000007c0000000)
  eden space 10240K, 100% used [0x000000076ab00000,0x000000076b500000,0x000000076b500000)
  from space 512K, 25% used [0x000000076b580000,0x000000076b5a0000,0x000000076b600000)
  to   space 512K, 0% used [0x000000076b600000,0x000000076b600000,0x000000076b680000)
 ParOldGen       total 260608K, used 7555K [0x00000006c0000000, 0x00000006cfe80000, 0x000000076ab00000)
  object space 260608K, 2% used [0x00000006c0000000,0x00000006c0760d48,0x00000006cfe80000)
 Metaspace       used 14106K, capacity 14270K, committed 14464K, reserved 1062912K
  class space    used 1882K, capacity 1911K, committed 1920K, reserved 1048576K
Event: 26.957 GC heap after
Heap after GC invocations=112 (full 0):
 PSYoungGen      total 10752K, used 160K [0x000000076ab00000, 0x000000076b680000, 0x00000007c0000000)
  eden space 10240K, 0% used [0x000000076ab00000,0x000000076ab00000,0x000000076b500000)
  from space 512K, 31% used [0x000000076b600000,0x000000076b628000,0x000000076b680000)
  to   space 512K, 0% used [0x000000076b580000,0x000000076b580000,0x000000076b600000)
 ParOldGen       total 260608K, used 7571K [0x00000006c0000000, 0x00000006cfe80000, 0x000000076ab00000)
  object space 260608K, 2% used [0x00000006c0000000,0x00000006c0764d48,0x00000006cfe80000)
 Metaspace       used 14106K, capacity 14270K, committed 14464K, reserved 1062912K
  class space    used 1882K, capacity 1911K, committed 1920K, reserved 1048576K
}

